make all --print-data-base --no-builtin-variables --no-builtin-rules --question
make: *** No rule to make target 'all'.  Stop.

# GNU Make 4.2.1
# Built for x86_64-pc-linux-gnu
# Copyright (C) 1988-2016 Free Software Foundation, Inc.
# License GPLv3+: GNU GPL version 3 or later <http://gnu.org/licenses/gpl.html>
# This is free software: you are free to change and redistribute it.
# There is NO WARRANTY, to the extent permitted by law.

# Make data base, printed on Tue Aug 23 16:25:31 2022

# Variables

# automatic
<D = $(patsubst %/,%,$(dir $<))
# automatic
?F = $(notdir $?)
# environment
DESKTOP_SESSION = plasma
# default
.SHELLFLAGS := -c
# makefile (from 'Makefile', line 13)
OBJ := ./temp/objects/test-main.o 
# environment
XDG_SESSION_CLASS = user
# environment
XDG_SESSION_TYPE = x11
# makefile (from 'Makefile', line 2)
TARGET := ./Magnetar
# automatic
?D = $(patsubst %/,%,$(dir $?))
# environment
GTK_RC_FILES = /etc/gtk/gtkrc:/home/scythe/.gtkrc:/home/scythe/.config/gtkrc
# automatic
@D = $(patsubst %/,%,$(dir $@))
# environment
XAUTHORITY = /home/scythe/.Xauthority
# automatic
@F = $(notdir $@)
# default
MAKE_VERSION := 4.2.1
# makefile
CURDIR := /home/scythe/Documentos/GitHub/Magnetar-core
# makefile
SHELL = /bin/sh
# environment
VSCODE_NLS_CONFIG = {"locale":"en-us","availableLanguages":{},"_languagePackSupport":true}
# environment
_ = /usr/share/code/code
# environment
QT_AUTO_SCREEN_SCALE_FACTOR = 0
# environment
QT_EXCLUDE_GENERIC_BEARER = 1
# environment
XDG_CONFIG_DIRS = /home/scythe/.config/kdedefaults:/etc/xdg/xdg-plasma:/etc/xdg
# makefile (from 'temp/objects/test-main.d', line 1)
MAKEFILE_LIST :=  Makefile temp/objects/test-main.d
# environment
IM_CONFIG_PHASE = 1
# 'override' directive
GNUMAKEFLAGS := 
# environment
MAKELEVEL := 0
# environment
MANDATORY_PATH = /usr/share/gconf/plasma.mandatory.path
# environment
XDG_DATA_DIRS = /usr/share/plasma:/home/scythe/.local/share/flatpak/exports/share:/var/lib/flatpak/exports/share:/usr/local/share:/usr/share
# environment
DBUS_SESSION_BUS_ADDRESS = unix:path=/run/user/1000/bus
# environment
XCURSOR_SIZE = 24
# environment
LC_NAME = es_CO.UTF-8
# environment
VSCODE_CWD = /home/scythe
# environment
PAM_KWALLET5_LOGIN = /run/user/1000/kwallet5.socket
# environment
XDG_SESSION_PATH = /org/freedesktop/DisplayManager/Session1
# default
MAKE_HOST := x86_64-pc-linux-gnu
# environment
PATH = /usr/local/sbin:/usr/local/bin:/usr/sbin:/usr/bin:/sbin:/bin:/usr/games:/usr/local/games:/snap/bin
# environment
MOZ_USE_XINPUT2 = 1
# environment
GPG_AGENT_INFO = /run/user/1000/gnupg/S.gpg-agent:0:1
# environment
XCURSOR_THEME = Colloid-cursors
# environment
LSCOLORS = Gxfxcxdxbxegedabagacad
# environment
SESSION_MANAGER = local/scythe-rigel:@/tmp/.ICE-unix/1100,unix/scythe-rigel:/tmp/.ICE-unix/1100
# environment
XDG_RUNTIME_DIR = /run/user/1000
# environment
ELECTRON_RUN_AS_NODE = 1
# environment
GTK2_RC_FILES = /etc/gtk-2.0/gtkrc:/home/scythe/.gtkrc-2.0:/home/scythe/.config/gtkrc-2.0
# default
.FEATURES := target-specific order-only second-expansion else-if shortest-stem undefine oneshell archives jobserver output-sync check-symlink load
# environment
LS_COLORS = 
# environment
XDG_SESSION_DESKTOP = KDE
# environment
SSH_AUTH_SOCK = /tmp/ssh-D19HA92bIZmK/agent.937
# automatic
%F = $(notdir $%)
# makefile (from 'Makefile', line 4)
SOURCE_DIR := .
# environment
DISPLAY = :0
# environment
PWD = /home/scythe/Documentos/GitHub/Magnetar-core
# environment
KDE_SESSION_VERSION = 5
# default
.LOADED := 
# environment
XDG_SEAT = seat0
# environment
SSH_AGENT_PID = 1022
# environment
ORIGINAL_XDG_CURRENT_DESKTOP = KDE
# environment
VSCODE_AMD_ENTRYPOINT = vs/workbench/api/node/extensionHostProcess
# environment
HOME = /home/scythe
# environment
VSCODE_CODE_CACHE_PATH = /home/scythe/.config/Code/CachedData/e4503b30fc78200f846c62cf8091b76ff5547662
# environment
LOGNAME = scythe
# environment
APPLICATION_INSIGHTS_NO_DIAGNOSTIC_CHANNEL = true
# automatic
+F = $(notdir $+)
# environment
KDE_FULL_SESSION = true
# environment
ZSH = /home/scythe/.oh-my-zsh
# environment
VSCODE_HANDLES_UNCAUGHT_ERRORS = true
# automatic
^D = $(patsubst %/,%,$(dir $^))
# environment
XDG_VTNR = 1
# makefile (from 'Makefile', line 6)
DIR_TEMP := ./temp
# environment
LC_TIME = es_CO.UTF-8
# default
MAKE = $(MAKE_COMMAND)
# default
MAKECMDGOALS := all
# environment
SHLVL = 0
# environment
XDG_SESSION_ID = 3
# environment
USER = scythe
# environment
LC_MONETARY = es_CO.UTF-8
# makefile
.DEFAULT_GOAL := Magnetar
# environment
XDG_CURRENT_DESKTOP = KDE
# environment
LESS = -R
# automatic
%D = $(patsubst %/,%,$(dir $%))
# environment
LC_TELEPHONE = es_CO.UTF-8
# makefile (from 'Makefile', line 7)
DIR_OBJ := ./temp/objects
# default
MAKE_COMMAND := make
# environment
KDE_APPLICATIONS_AS_SCOPE = 1
# environment
OLDPWD = /home/scythe
# default
.VARIABLES := 
# automatic
*F = $(notdir $*)
# environment
LANGUAGE = en_US:es
# environment
XDG_SEAT_PATH = /org/freedesktop/DisplayManager/Seat0
# environment
VSCODE_IPC_HOOK = /run/user/1000/vscode-6cfd7557-1.70.2-main.sock
# makefile
MAKEFLAGS = pqrR
# environment
MFLAGS = -pqrR
# automatic
*D = $(patsubst %/,%,$(dir $*))
# makefile (from 'Makefile', line 1)
DIR_BIN := .
# automatic
+D = $(patsubst %/,%,$(dir $+))
# environment
GDK_BACKEND = x11
# environment
LC_PAPER = es_CO.UTF-8
# environment
QT_ACCESSIBILITY = 1
# environment
DEFAULTS_PATH = /usr/share/gconf/plasma.default.path
# makefile (from 'Makefile', line 9)
COMPILER := g++
# default
MAKEFILES := 
# environment
LC_NUMERIC = es_CO.UTF-8
# automatic
<F = $(notdir $<)
# environment
LC_MEASUREMENT = es_CO.UTF-8
# environment
PAGER = less
# environment
LC_ALL = C
# automatic
^F = $(notdir $^)
# default
SUFFIXES := 
# makefile (from 'Makefile', line 10)
FLAGS = -std=c++17  -pthread  -Wall -Wextra -Wpedantic 
# environment
CHROME_DESKTOP = code-url-handler.desktop
# default
.INCLUDE_DIRS = /usr/include /usr/local/include /usr/include
# environment
LC_IDENTIFICATION = es_CO.UTF-8
# default
.RECIPEPREFIX := 
# environment
LC_ADDRESS = es_CO.UTF-8
# environment
LANG = C
# environment
VSCODE_PID = 1386
# environment
KDE_SESSION_UID = 1000
# variable set hash-table stats:
# Load=116/1024=11%, Rehash=0, Collisions=11/151=7%

# Pattern-specific Variable Values

# No pattern-specific variable values.

# Directories

# . (device 66310, inode 4203857): 19 files, no impossibilities.
# temp/objects (device 66310, inode 4203645): 4 files, no impossibilities.

# 23 files, no impossibilities in 2 directories.

# Implicit Rules

temp/objects/%.o: %.cpp
#  recipe to execute (from 'Makefile', line 21):
	@mkdir -p $(DIR_OBJ)
	@$(COMPILER) -c -MD $(FLAGS) $< -o $@

# 1 implicit rules, 0 (0.0%) terminal.

# Files

# Not a target:
/usr/include/c++/9/bits/ios_base.h:
#  Implicit rule search has not been done.
#  Modification time never checked.
#  File has not been updated.

# Not a target:
/usr/include/x86_64-linux-gnu/bits/types/error_t.h:
#  Implicit rule search has not been done.
#  Modification time never checked.
#  File has not been updated.

 
# Not a target:
/usr/include/c++/9/bits/functexcept.h:
#  Implicit rule search has not been done.
#  Modification time never checked.
#  File has not been updated.

# Not a target:
/usr/include/c++/9/bits/vector.tcc:
#  Implicit rule search has not been done.
#  Modification time never checked.
#  File has not been updated.

Magnetar: temp/objects/test-main.o
#  Implicit rule search has not been done.
#  Modification time never checked.
#  File has not been updated.
#  recipe to execute (from 'Makefile', line 16):
	@mkdir -p $(DIR_BIN)
	@$(COMPILER) $(OBJ) $(FLAGS) -o $(TARGET)

# Not a target:
/usr/include/c++/9/chrono:
#  Implicit rule search has not been done.
#  Modification time never checked.
#  File has not been updated.

# Not a target:
/usr/include/unistd.h:
#  Implicit rule search has not been done.
#  Modification time never checked.
#  File has not been updated.

# Not a target:
/usr/include/c++/9/bits/stl_iterator_base_types.h:
#  Implicit rule search has not been done.
#  Modification time never checked.
#  File has not been updated.

# Not a target:
/usr/include/asm-generic/posix_types.h:
#  Implicit rule search has not been done.
#  Modification time never checked.
#  File has not been updated.

# Not a target:
/usr/include/x86_64-linux-gnu/bits/timex.h:
#  Implicit rule search has not been done.
#  Modification time never checked.
#  File has not been updated.

# Not a target:
/usr/include/x86_64-linux-gnu/bits/mathcalls.h:
#  Implicit rule search has not been done.
#  Modification time never checked.
#  File has not been updated.

# Not a target:
/usr/include/x86_64-linux-gnu/bits/endian.h:
#  Implicit rule search has not been done.
#  Modification time never checked.
#  File has not been updated.

# Not a target:
http/../json/json.hpp:
#  Implicit rule search has not been done.
#  Modification time never checked.
#  File has not been updated.

# Not a target:
/usr/include/c++/9/bits/fs_fwd.h:
#  Implicit rule search has not been done.
#  Modification time never checked.
#  File has not been updated.

# Not a target:
/usr/include/c++/9/bits/locale_facets_nonio.tcc:
#  Implicit rule search has not been done.
#  Modification time never checked.
#  File has not been updated.

# Not a target:
/usr/include/c++/9/bits/locale_classes.tcc:
#  Implicit rule search has not been done.
#  Modification time never checked.
#  File has not been updated.

# Not a target:
/usr/include/c++/9/bits/ostream.tcc:
#  Implicit rule search has not been done.
#  Modification time never checked.
#  File has not been updated.

# Not a target:
/usr/include/c++/9/bits/localefwd.h:
#  Implicit rule search has not been done.
#  Modification time never checked.
#  File has not been updated.

# Not a target:
/usr/include/c++/9/bits/nested_exception.h:
#  Implicit rule search has not been done.
#  Modification time never checked.
#  File has not been updated.

# Not a target:
/usr/include/c++/9/istream:
#  Implicit rule search has not been done.
#  Modification time never checked.
#  File has not been updated.

# Not a target:
/usr/include/x86_64-linux-gnu/bits/types/__mbstate_t.h:
#  Implicit rule search has not been done.
#  Modification time never checked.
#  File has not been updated.

# Not a target:
/usr/include/c++/9/bits/parse_numbers.h:
#  Implicit rule search has not been done.
#  Modification time never checked.
#  File has not been updated.

# Not a target:
/usr/include/c++/9/type_traits:
#  Implicit rule search has not been done.
#  Modification time never checked.
#  File has not been updated.

# Not a target:
/usr/include/x86_64-linux-gnu/asm/errno.h:
#  Implicit rule search has not been done.
#  Modification time never checked.
#  File has not been updated.

# Not a target:
/usr/lib/gcc/x86_64-linux-gnu/9/include/stdarg.h:
#  Implicit rule search has not been done.
#  Modification time never checked.
#  File has not been updated.

# Not a target:
/usr/include/asm-generic/sockios.h:
#  Implicit rule search has not been done.
#  Modification time never checked.
#  File has not been updated.

# Not a target:
/usr/include/x86_64-linux-gnu/bits/libc-header-start.h:
#  Implicit rule search has not been done.
#  Modification time never checked.
#  File has not been updated.

# Not a target:
/usr/include/x86_64-linux-gnu/bits/pthreadtypes.h:
#  Implicit rule search has not been done.
#  Modification time never checked.
#  File has not been updated.

# Not a target:
/usr/include/x86_64-linux-gnu/bits/sys_errlist.h:
#  Implicit rule search has not been done.
#  Modification time never checked.
#  File has not been updated.

# Not a target:
/usr/include/x86_64-linux-gnu/bits/types/__FILE.h:
#  Implicit rule search has not been done.
#  Modification time never checked.
#  File has not been updated.

# Not a target:
/usr/include/x86_64-linux-gnu/asm/posix_types_64.h:
#  Implicit rule search has not been done.
#  Modification time never checked.
#  File has not been updated.

# Not a target:
/usr/include/c++/9/bits/stl_numeric.h:
#  Implicit rule search has not been done.
#  Modification time never checked.
#  File has not been updated.

# Not a target:
/usr/include/wctype.h:
#  Implicit rule search has not been done.
#  Modification time never checked.
#  File has not been updated.

# Not a target:
http/../files/basic_reader.hpp:
#  Implicit rule search has not been done.
#  Modification time never checked.
#  File has not been updated.

# Not a target:
/usr/include/c++/9/exception:
#  Implicit rule search has not been done.
#  Modification time never checked.
#  File has not been updated.

# Not a target:
/usr/include/stdio.h:
#  Implicit rule search has not been done.
#  Modification time never checked.
#  File has not been updated.

# Not a target:
/usr/include/c++/9/bits/stl_pair.h:
#  Implicit rule search has not been done.
#  Modification time never checked.
#  File has not been updated.

# Not a target:
all:
#  Command line target.
#  Implicit rule search has been done.
#  File does not exist.
#  File has not been updated.

# Not a target:
/usr/include/linux/errno.h:
#  Implicit rule search has not been done.
#  Modification time never checked.
#  File has not been updated.

# Not a target:
/usr/include/x86_64-linux-gnu/bits/types/__fpos64_t.h:
#  Implicit rule search has not been done.
#  Modification time never checked.
#  File has not been updated.

# Not a target:
/usr/include/x86_64-linux-gnu/bits/cpu-set.h:
#  Implicit rule search has not been done.
#  Modification time never checked.
#  File has not been updated.

# Not a target:
/usr/include/x86_64-linux-gnu/bits/mathcalls-narrow.h:
#  Implicit rule search has not been done.
#  Modification time never checked.
#  File has not been updated.

# Not a target:
/usr/include/x86_64-linux-gnu/c++/9/bits/messages_members.h:
#  Implicit rule search has not been done.
#  Modification time never checked.
#  File has not been updated.

# Not a target:
http/parameters.hpp:
#  Implicit rule search has not been done.
#  Modification time never checked.
#  File has not been updated.

# Not a target:
/usr/include/x86_64-linux-gnu/bits/in.h:
#  Implicit rule search has not been done.
#  Modification time never checked.
#  File has not been updated.

# Not a target:
/usr/include/c++/9/bits/locale_facets_nonio.h:
#  Implicit rule search has not been done.
#  Modification time never checked.
#  File has not been updated.

# Not a target:
/usr/include/c++/9/backward/auto_ptr.h:
#  Implicit rule search has not been done.
#  Modification time never checked.
#  File has not been updated.

# Not a target:
/usr/include/c++/9/ext/type_traits.h:
#  Implicit rule search has not been done.
#  Modification time never checked.
#  File has not been updated.
 

# Not a target:
/usr/include/c++/9/array:
#  Implicit rule search has not been done.
#  Modification time never checked.
#  File has not been updated.

# Not a target:
/usr/include/c++/9/bits/locale_classes.h:
#  Implicit rule search has not been done.
#  Modification time never checked.
#  File has not been updated.

# Not a target:
/usr/include/c++/9/unordered_map:
#  Implicit rule search has not been done.
#  Modification time never checked.
#  File has not been updated.

# Not a target:
/usr/include/x86_64-linux-gnu/bits/endianness.h:
#  Implicit rule search has not been done.
#  Modification time never checked.
#  File has not been updated.

# Not a target:
/usr/include/x86_64-linux-gnu/bits/posix_opt.h:
#  Implicit rule search has not been done.
#  Modification time never checked.
#  File has not been updated.

# Not a target:
/usr/include/c++/9/bits/unordered_map.h:
#  Implicit rule search has not been done.
#  Modification time never checked.
#  File has not been updated.

# Not a target:
/usr/include/x86_64-linux-gnu/bits/types/__fpos_t.h:
#  Implicit rule search has not been done.
#  Modification time never checked.
#  File has not been updated.

# Not a target:
/usr/include/c++/9/pstl/pstl_config.h:
#  Implicit rule search has not been done.
#  Modification time never checked.
#  File has not been updated.

# Not a target:
/usr/include/c++/9/pstl/glue_memory_defs.h:
#  Implicit rule search has not been done.
#  Modification time never checked.
#  File has not been updated.

# Not a target:
/usr/include/c++/9/bits/ptr_traits.h:
#  Implicit rule search has not been done.
#  Modification time never checked.
#  File has not been updated.

# Not a target:
/usr/include/c++/9/bits/enable_special_members.h:
#  Implicit rule search has not been done.
#  Modification time never checked.
#  File has not been updated.

# Not a target:
/usr/include/x86_64-linux-gnu/bits/pthreadtypes-arch.h:
#  Implicit rule search has not been done.
#  Modification time never checked.
#  File has not been updated.

# Not a target:
/usr/include/c++/9/bits/stringfwd.h:
#  Implicit rule search has not been done.
#  Modification time never checked.
#  File has not been updated.

# Not a target:
temp/objects/test-main.d:
#  Implicit rule search has been done.
#  Last modified 2022-08-23 16:10:40.004282756
#  File has been updated.
#  Successfully updated.

# Not a target:
utils/sockets_utils.hpp:
#  Implicit rule search has not been done.
#  Modification time never checked.
#  File has not been updated.

# Not a target:
/usr/include/c++/9/bits/hashtable_policy.h:
#  Implicit rule search has not been done.
#  Modification time never checked.
#  File has not been updated.

# Not a target:
/usr/include/c++/9/tr1/special_function_util.h:
#  Implicit rule search has not been done.
#  Modification time never checked.
#  File has not been updated.

# Not a target:
/usr/include/c++/9/backward/binders.h:
#  Implicit rule search has not been done.
#  Modification time never checked.
#  File has not been updated.

# Not a target:
/usr/include/x86_64-linux-gnu/c++/9/bits/c++config.h:
#  Implicit rule search has not been done.
#  Modification time never checked.
#  File has not been updated.

# Not a target:
/usr/include/x86_64-linux-gnu/bits/libm-simd-decl-stubs.h:
#  Implicit rule search has not been done.
#  Modification time never checked.
#  File has not been updated.

# Not a target:
http/../files/cpp_reader.hpp:
#  Implicit rule search has not been done.
#  Modification time never checked.
#  File has not been updated.

# Not a target:
/usr/include/c++/9/bits/stl_iterator.h:
#  Implicit rule search has not been done.
#  Modification time never checked.
#  File has not been updated.

# Not a target:
/usr/include/c++/9/bits/erase_if.h:
#  Implicit rule search has not been done.
#  Modification time never checked.
#  File has not been updated.

# Not a target:
/usr/include/c++/9/tr1/exp_integral.tcc:
#  Implicit rule search has not been done.
#  Modification time never checked.
#  File has not been updated.

# Not a target:
/usr/include/c++/9/typeinfo:
#  Implicit rule search has not been done.
#  Modification time never checked.
#  File has not been updated.

# Not a target:
/usr/include/x86_64-linux-gnu/gnu/stubs.h:
#  Implicit rule search has not been done.
#  Modification time never checked.
#  File has not been updated.

# Not a target:
/usr/include/x86_64-linux-gnu/bits/types/sigset_t.h:
#  Implicit rule search has not been done.
#  Modification time never checked.
#  File has not been updated.

# Not a target:
/usr/include/c++/9/bits/streambuf_iterator.h:
#  Implicit rule search has not been done.
#  Modification time never checked.
#  File has not been updated.

# Not a target:
/usr/include/x86_64-linux-gnu/bits/fp-fast.h:
#  Implicit rule search has not been done.
#  Modification time never checked.
#  File has not been updated.

# Not a target:
/usr/include/c++/9/fstream:
#  Implicit rule search has not been done.
#  Modification time never checked.
#  File has not been updated.

# Not a target:
/usr/include/c++/9/functional:
#  Implicit rule search has not been done.
#  Modification time never checked.
#  File has not been updated.

# Not a target:
/usr/include/x86_64-linux-gnu/asm/bitsperlong.h:
#  Implicit rule search has not been done.
#  Modification time never checked.
#  File has not been updated.

# Not a target:
/usr/lib/gcc/x86_64-linux-gnu/9/include/stddef.h:
#  Implicit rule search has not been done.
#  Modification time never checked.
#  File has not been updated.

# Not a target:
/usr/include/c++/9/cstdio:
#  Implicit rule search has not been done.
#  Modification time never checked.
#  File has not been updated.

# Not a target:
/usr/include/c++/9/codecvt:
#  Implicit rule search has not been done.
#  Modification time never checked.
#  File has not been updated.

# Not a target:
/usr/include/libintl.h:
#  Implicit rule search has not been done.
#  Modification time never checked.
#  File has not been updated.

# Not a target:
/usr/include/wchar.h:
#  Implicit rule search has not been done.
#  Modification time never checked.
#  File has not been updated.

clean:
#  Phony target (prerequisite of .PHONY).
#  Implicit rule search has not been done.
#  File does not exist.
#  File has not been updated.
#  recipe to execute (from 'Makefile', line 28):
	@rm -rf $(DIR_OBJ) $(TARGET)

# Not a target:
/usr/include/time.h:
#  Implicit rule search has not been done.
#  Modification time never checked.
#  File has not been updated.

# Not a target:
http/../files/mg_reader.hpp:
#  Implicit rule search has not been done.
#  Modification time never checked.
#  File has not been updated.

# Not a target:
http/routes.hpp:
#  Implicit rule search has not been done.
#  Modification time never checked.
#  File has not been updated.

# Not a target:
/usr/include/x86_64-linux-gnu/bits/waitflags.h:
#  Implicit rule search has not been done.
#  Modification time never checked.
#  File has not been updated.

# Not a target:
/usr/include/alloca.h:
#  Implicit rule search has not been done.
#  Modification time never checked.
#  File has not been updated.

# Not a target:
/usr/include/c++/9/bits/stl_vector.h:
#  Implicit rule search has not been done.
#  Modification time never checked.
#  File has not been updated.

# Not a target:
/usr/include/x86_64-linux-gnu/bits/setjmp.h:
#  Implicit rule search has not been done.
#  Modification time never checked.
#  File has not been updated.

# Not a target:
Makefile:
#  Implicit rule search has been done.
#  Last modified 2022-08-16 14:57:55.733297917
#  File has been updated.
#  Successfully updated.

# Not a target:
/usr/include/c++/9/debug/assertions.h:
#  Implicit rule search has not been done.
#  Modification time never checked.
#  File has not been updated.

# Not a target:
/usr/include/strings.h:
 
#  Implicit rule search has not been done.
#  Modification time never checked.
#  File has not been updated.

# Not a target:
/usr/include/c++/9/bits/stl_uninitialized.h:
#  Implicit rule search has not been done.
#  Modification time never checked.
#  File has not been updated.

# Not a target:
/usr/include/x86_64-linux-gnu/bits/types/cookie_io_functions_t.h:
#  Implicit rule search has not been done.
#  Modification time never checked.
#  File has not been updated.

# Not a target:
/usr/include/c++/9/bits/stl_raw_storage_iter.h:
#  Implicit rule search has not been done.
#  Modification time never checked.
#  File has not been updated.

# Not a target:
/usr/include/x86_64-linux-gnu/bits/floatn.h:
#  Implicit rule search has not been done.
#  Modification time never checked.
#  File has not been updated.

# Not a target:
/usr/include/x86_64-linux-gnu/bits/select.h:
#  Implicit rule search has not been done.
#  Modification time never checked.
#  File has not been updated.

# Not a target:
/usr/include/x86_64-linux-gnu/asm/posix_types.h:
#  Implicit rule search has not been done.
#  Modification time never checked.
#  File has not been updated.

# Not a target:
/usr/include/c++/9/bits/refwrap.h:
#  Implicit rule search has not been done.
#  Modification time never checked.
#  File has not been updated.

# Not a target:
/usr/include/c++/9/iomanip:
#  Implicit rule search has not been done.
#  Modification time never checked.
#  File has not been updated.

# Not a target:
http/../files/data_render.hpp:
#  Implicit rule search has not been done.
#  Modification time never checked.
#  File has not been updated.

# Not a target:
/usr/include/c++/9/bits/exception.h:
#  Implicit rule search has not been done.
#  Modification time never checked.
#  File has not been updated.

# Not a target:
/usr/include/c++/9/bits/string_view.tcc:
#  Implicit rule search has not been done.
#  Modification time never checked.
#  File has not been updated.

# Not a target:
/usr/include/c++/9/bits/std_function.h:
#  Implicit rule search has not been done.
#  Modification time never checked.
#  File has not been updated.

# Not a target:
/usr/include/c++/9/ext/concurrence.h:
#  Implicit rule search has not been done.
#  Modification time never checked.
#  File has not been updated.

# Not a target:
/usr/include/c++/9/mutex:
#  Implicit rule search has not been done.
#  Modification time never checked.
#  File has not been updated.

# Not a target:
/usr/include/c++/9/cwctype:
#  Implicit rule search has not been done.
#  Modification time never checked.
#  File has not been updated.

# Not a target:
/usr/include/x86_64-linux-gnu/bits/types/struct_iovec.h:
#  Implicit rule search has not been done.
#  Modification time never checked.
#  File has not been updated.

# Not a target:
/usr/include/c++/9/tuple:
#  Implicit rule search has not been done.
#  Modification time never checked.
#  File has not been updated.

# Not a target:
/usr/include/c++/9/bits/move.h:
#  Implicit rule search has not been done.
#  Modification time never checked.
#  File has not been updated.

# Not a target:
/usr/include/c++/9/memory:
#  Implicit rule search has not been done.
#  Modification time never checked.
#  File has not been updated.

# Not a target:
/usr/include/c++/9/sstream:
#  Implicit rule search has not been done.
#  Modification time never checked.
#  File has not been updated.

# Not a target:
/usr/include/c++/9/bits/fs_dir.h:
#  Implicit rule search has not been done.
#  Modification time never checked.
#  File has not been updated.

# Not a target:
/usr/include/c++/9/tr1/bessel_function.tcc:
#  Implicit rule search has not been done.
#  Modification time never checked.
#  File has not been updated.

# Not a target:
/usr/include/x86_64-linux-gnu/bits/types/wint_t.h:
#  Implicit rule search has not been done.
#  Modification time never checked.
#  File has not been updated.

# Not a target:
/usr/include/x86_64-linux-gnu/asm/sockios.h:
#  Implicit rule search has not been done.
#  Modification time never checked.
#  File has not been updated.

# Not a target:
/usr/include/c++/9/bits/fstream.tcc:
#  Implicit rule search has not been done.
#  Modification time never checked.
#  File has not been updated.

# Not a target:
sockets/../utils/sockets_utils.hpp:
#  Implicit rule search has not been done.
#  Modification time never checked.
#  File has not been updated.

# Not a target:
/usr/include/x86_64-linux-gnu/bits/flt-eval-method.h:
#  Implicit rule search has not been done.
#  Modification time never checked.
#  File has not been updated.

# Not a target:
/usr/include/linux/posix_types.h:
#  Implicit rule search has not been done.
#  Modification time never checked.
#  File has not been updated.

# Not a target:
/usr/include/x86_64-linux-gnu/c++/9/bits/c++io.h:
#  Implicit rule search has not been done.
#  Modification time never checked.
#  File has not been updated.

# Not a target:
/usr/include/c++/9/bits/shared_ptr_atomic.h:
#  Implicit rule search has not been done.
#  Modification time never checked.
#  File has not been updated.

# Not a target:
/usr/include/c++/9/stdlib.h:
#  Implicit rule search has not been done.
#  Modification time never checked.
#  File has not been updated.

# Not a target:
/usr/include/c++/9/debug/debug.h:
#  Implicit rule search has not been done.
#  Modification time never checked.
#  File has not been updated.

# Not a target:
/usr/include/x86_64-linux-gnu/bits/struct_mutex.h:
#  Implicit rule search has not been done.
#  Modification time never checked.
#  File has not been updated.

# Not a target:
/usr/include/x86_64-linux-gnu/bits/unistd_ext.h:
#  Implicit rule search has not been done.
#  Modification time never checked.
#  File has not been updated.

# Not a target:
/usr/include/x86_64-linux-gnu/bits/long-double.h:
#  Implicit rule search has not been done.
#  Modification time never checked.
#  File has not been updated.

# Not a target:
/usr/include/c++/9/pstl/glue_numeric_defs.h:
#  Implicit rule search has not been done.
#  Modification time never checked.
#  File has not been updated.

# Not a target:
/usr/include/x86_64-linux-gnu/c++/9/bits/gthr.h:
#  Implicit rule search has not been done.
#  Modification time never checked.
#  File has not been updated.

# Not a target:
/usr/include/features.h:
#  Implicit rule search has not been done.
#  Modification time never checked.
#  File has not been updated.

# Not a target:
/usr/include/x86_64-linux-gnu/bits/types/time_t.h:
#  Implicit rule search has not been done.
#  Modification time never checked.
#  File has not been updated.

# Not a target:
/usr/include/x86_64-linux-gnu/bits/types/struct_itimerspec.h:
#  Implicit rule search has not been done.
#  Modification time never checked.
#  File has not been updated.

# Not a target:
/usr/include/c++/9/bits/stl_function.h:
#  Implicit rule search has not been done.
#  Modification time never checked.
#  File has not been updated.

# Not a target:
/usr/include/c++/9/ratio:
#  Implicit rule search has not been done.
#  Modification time never checked.
#  File has not been updated.

# Not a target:
/usr/include/x86_64-linux-gnu/bits/environments.h:
#  Implicit rule search has not been done.
#  Modification time never checked.
#  File has not been updated.

# Not a target:
/usr/include/c++/9/bits/concept_check.h:
#  Implicit rule search has not been done.
#  Modification time never checked.
#  File has not been updated.

# Not a target:
/usr/include/x86_64-linux-gnu/c++/9/bits/c++allocator.h:
#  Implicit rule search has not been done.
#  Modification time never checked.
#  File has not been updated.

# Not a target:
/usr/include/c++/9/ostream:
#  Implicit rule search has not been done.
#  Modification time never checked.
 
#  File has not been updated.

# Not a target:
/usr/include/errno.h:
#  Implicit rule search has not been done.
#  Modification time never checked.
#  File has not been updated.

.PHONY: clean
#  Implicit rule search has not been done.
#  Modification time never checked.
#  File has not been updated.

# Not a target:
/usr/include/c++/9/bits/basic_ios.tcc:
#  Implicit rule search has not been done.
#  Modification time never checked.
#  File has not been updated.

# Not a target:
/usr/include/c++/9/bits/cxxabi_forced.h:
#  Implicit rule search has not been done.
#  Modification time never checked.
#  File has not been updated.

# Not a target:
/usr/include/c++/9/bits/fs_ops.h:
#  Implicit rule search has not been done.
#  Modification time never checked.
#  File has not been updated.

# Not a target:
/usr/include/c++/9/bits/invoke.h:
#  Implicit rule search has not been done.
#  Modification time never checked.
#  File has not been updated.

# Not a target:
/usr/include/c++/9/utility:
#  Implicit rule search has not been done.
#  Modification time never checked.
#  File has not been updated.

# Not a target:
/usr/include/c++/9/bits/unique_lock.h:
#  Implicit rule search has not been done.
#  Modification time never checked.
#  File has not been updated.

# Not a target:
/usr/include/x86_64-linux-gnu/c++/9/bits/gthr-default.h:
#  Implicit rule search has not been done.
#  Modification time never checked.
#  File has not been updated.

# Not a target:
/usr/include/c++/9/filesystem:
#  Implicit rule search has not been done.
#  Modification time never checked.
#  File has not been updated.

# Not a target:
/usr/include/c++/9/bits/exception_defines.h:
#  Implicit rule search has not been done.
#  Modification time never checked.
#  File has not been updated.

# Not a target:
/usr/include/c++/9/bits/atomic_lockfree_defines.h:
#  Implicit rule search has not been done.
#  Modification time never checked.
#  File has not been updated.

# Not a target:
/usr/include/x86_64-linux-gnu/bits/sched.h:
#  Implicit rule search has not been done.
#  Modification time never checked.
#  File has not been updated.

# Not a target:
/usr/include/c++/9/tr1/legendre_function.tcc:
#  Implicit rule search has not been done.
#  Modification time never checked.
#  File has not been updated.

temp/objects/test-main.o: test-main.cpp /usr/include/stdc-predef.h core.hpp sockets/sockets.hpp /usr/include/netinet/in.h /usr/include/features.h /usr/include/x86_64-linux-gnu/sys/cdefs.h /usr/include/x86_64-linux-gnu/bits/wordsize.h /usr/include/x86_64-linux-gnu/bits/long-double.h /usr/include/x86_64-linux-gnu/gnu/stubs.h /usr/include/x86_64-linux-gnu/gnu/stubs-64.h /usr/include/x86_64-linux-gnu/bits/stdint-uintn.h /usr/include/x86_64-linux-gnu/bits/types.h /usr/include/x86_64-linux-gnu/bits/timesize.h /usr/include/x86_64-linux-gnu/bits/typesizes.h /usr/include/x86_64-linux-gnu/bits/time64.h /usr/include/x86_64-linux-gnu/sys/socket.h /usr/include/x86_64-linux-gnu/bits/types/struct_iovec.h /usr/lib/gcc/x86_64-linux-gnu/9/include/stddef.h /usr/include/x86_64-linux-gnu/bits/socket.h /usr/include/x86_64-linux-gnu/sys/types.h /usr/include/x86_64-linux-gnu/bits/types/clock_t.h /usr/include/x86_64-linux-gnu/bits/types/clockid_t.h /usr/include/x86_64-linux-gnu/bits/types/time_t.h /usr/include/x86_64-linux-gnu/bits/types/timer_t.h /usr/include/x86_64-linux-gnu/bits/stdint-intn.h /usr/include/endian.h /usr/include/x86_64-linux-gnu/bits/endian.h /usr/include/x86_64-linux-gnu/bits/endianness.h /usr/include/x86_64-linux-gnu/bits/byteswap.h /usr/include/x86_64-linux-gnu/bits/uintn-identity.h /usr/include/x86_64-linux-gnu/sys/select.h /usr/include/x86_64-linux-gnu/bits/select.h /usr/include/x86_64-linux-gnu/bits/types/sigset_t.h /usr/include/x86_64-linux-gnu/bits/types/__sigset_t.h /usr/include/x86_64-linux-gnu/bits/types/struct_timeval.h /usr/include/x86_64-linux-gnu/bits/types/struct_timespec.h /usr/include/x86_64-linux-gnu/bits/pthreadtypes.h /usr/include/x86_64-linux-gnu/bits/thread-shared-types.h /usr/include/x86_64-linux-gnu/bits/pthreadtypes-arch.h /usr/include/x86_64-linux-gnu/bits/struct_mutex.h /usr/include/x86_64-linux-gnu/bits/struct_rwlock.h /usr/include/x86_64-linux-gnu/bits/socket_type.h /usr/include/x86_64-linux-gnu/bits/sockaddr.h /usr/include/x86_64-linux-gnu/asm/socket.h /usr/include/asm-generic/socket.h /usr/include/linux/posix_types.h /usr/include/linux/stddef.h /usr/include/x86_64-linux-gnu/asm/posix_types.h /usr/include/x86_64-linux-gnu/asm/posix_types_64.h /usr/include/asm-generic/posix_types.h /usr/include/x86_64-linux-gnu/asm/bitsperlong.h /usr/include/asm-generic/bitsperlong.h /usr/include/x86_64-linux-gnu/asm/sockios.h /usr/include/asm-generic/sockios.h /usr/include/x86_64-linux-gnu/bits/types/struct_osockaddr.h /usr/include/x86_64-linux-gnu/bits/in.h /usr/include/c++/9/string /usr/include/x86_64-linux-gnu/c++/9/bits/c++config.h /usr/include/x86_64-linux-gnu/c++/9/bits/os_defines.h /usr/include/x86_64-linux-gnu/c++/9/bits/cpu_defines.h /usr/include/c++/9/pstl/pstl_config.h /usr/include/c++/9/bits/stringfwd.h /usr/include/c++/9/bits/memoryfwd.h /usr/include/c++/9/bits/char_traits.h /usr/include/c++/9/bits/stl_algobase.h /usr/include/c++/9/bits/functexcept.h /usr/include/c++/9/bits/exception_defines.h /usr/include/c++/9/bits/cpp_type_traits.h /usr/include/c++/9/ext/type_traits.h /usr/include/c++/9/ext/numeric_traits.h /usr/include/c++/9/bits/stl_pair.h /usr/include/c++/9/bits/move.h /usr/include/c++/9/bits/concept_check.h /usr/include/c++/9/type_traits /usr/include/c++/9/bits/stl_iterator_base_types.h /usr/include/c++/9/bits/stl_iterator_base_funcs.h /usr/include/c++/9/debug/assertions.h /usr/include/c++/9/bits/stl_iterator.h /usr/include/c++/9/bits/ptr_traits.h /usr/include/c++/9/debug/debug.h /usr/include/c++/9/bits/predefined_ops.h /usr/include/c++/9/bits/postypes.h /usr/include/c++/9/cwchar /usr/include/wchar.h /usr/include/x86_64-linux-gnu/bits/libc-header-start.h /usr/include/x86_64-linux-gnu/bits/floatn.h /usr/include/x86_64-linux-gnu/bits/floatn-common.h /usr/lib/gcc/x86_64-linux-gnu/9/include/stdarg.h /usr/include/x86_64-linux-gnu/bits/wchar.h /usr/include/x86_64-linux-gnu/bits/types/wint_t.h /usr/include/x86_64-linux-gnu/bits/types/mbstate_t.h /usr/include/x86_64-linux-gnu/bits/types/__mbstate_t.h /usr/include/x86_64-linux-gnu/bits/types/__FILE.h /usr/include/x86_64-linux-gnu/bits/types/FILE.h /usr/include/x86_64-linux-gnu/bits/types/locale_t.h /usr/include/x86_64-linux-gnu/bits/types/__locale_t.h /usr/include/c++/9/cstdint /usr/lib/gcc/x86_64-linux-gnu/9/include/stdint.h /usr/include/stdint.h /usr/include/c++/9/bits/allocator.h /usr/include/x86_64-linux-gnu/c++/9/bits/c++allocator.h /usr/include/c++/9/ext/new_allocator.h /usr/include/c++/9/new /usr/include/c++/9/exception /usr/include/c++/9/bits/exception.h /usr/include/c++/9/bits/exception_ptr.h /usr/include/c++/9/bits/cxxabi_init_exception.h /usr/include/c++/9/typeinfo /usr/include/c++/9/bits/hash_bytes.h /usr/include/c++/9/bits/nested_exception.h /usr/include/c++/9/bits/localefwd.h /usr/include/x86_64-linux-gnu/c++/9/bits/c++locale.h /usr/include/c++/9/clocale /usr/include/locale.h /usr/include/x86_64-linux-gnu/bits/locale.h /usr/include/c++/9/iosfwd /usr/include/c++/9/cctype /usr/include/ctype.h /usr/include/c++/9/bits/ostream_insert.h /usr/include/c++/9/bits/cxxabi_forced.h /usr/include/c++/9/bits/stl_function.h /usr/include/c++/9/backward/binders.h /usr/include/c++/9/bits/range_access.h /usr/include/c++/9/initializer_list /usr/include/c++/9/bits/basic_string.h /usr/include/c++/9/ext/atomicity.h /usr/include/x86_64-linux-gnu/c++/9/bits/gthr.h /usr/include/x86_64-linux-gnu/c++/9/bits/gthr-default.h /usr/include/pthread.h /usr/include/sched.h /usr/include/x86_64-linux-gnu/bits/sched.h /usr/include/x86_64-linux-gnu/bits/types/struct_sched_param.h /usr/include/x86_64-linux-gnu/bits/cpu-set.h /usr/include/time.h /usr/include/x86_64-linux-gnu/bits/time.h /usr/include/x86_64-linux-gnu/bits/timex.h /usr/include/x86_64-linux-gnu/bits/types/struct_tm.h /usr/include/x86_64-linux-gnu/bits/types/struct_itimerspec.h /usr/include/x86_64-linux-gnu/bits/setjmp.h /usr/include/x86_64-linux-gnu/c++/9/bits/atomic_word.h /usr/include/c++/9/ext/alloc_traits.h /usr/include/c++/9/bits/alloc_traits.h /usr/include/c++/9/string_view /usr/include/c++/9/limits /usr/include/c++/9/bits/functional_hash.h /usr/include/c++/9/bits/string_view.tcc /usr/include/c++/9/ext/string_conversions.h /usr/include/c++/9/cstdlib /usr/include/stdlib.h /usr/include/x86_64-linux-gnu/bits/waitflags.h /usr/include/x86_64-linux-gnu/bits/waitstatus.h /usr/include/alloca.h /usr/include/x86_64-linux-gnu/bits/stdlib-float.h /usr/include/c++/9/bits/std_abs.h /usr/include/c++/9/cstdio /usr/include/stdio.h /usr/include/x86_64-linux-gnu/bits/types/__fpos_t.h /usr/include/x86_64-linux-gnu/bits/types/__fpos64_t.h /usr/include/x86_64-linux-gnu/bits/types/struct_FILE.h /usr/include/x86_64-linux-gnu/bits/types/cookie_io_functions_t.h /usr/include/x86_64-linux-gnu/bits/stdio_lim.h /usr/include/x86_64-linux-gnu/bits/sys_errlist.h /usr/include/c++/9/cerrno /usr/include/errno.h /usr/include/x86_64-linux-gnu/bits/errno.h /usr/include/linux/errno.h /usr/include/x86_64-linux-gnu/asm/errno.h /usr/include/asm-generic/errno.h /usr/include/asm-generic/errno-base.h /usr/include/x86_64-linux-gnu/bits/types/error_t.h /usr/include/c++/9/bits/basic_string.tcc /usr/include/c++/9/memory /usr/include/c++/9/bits/stl_construct.h /usr/include/c++/9/bits/stl_uninitialized.h /usr/include/c++/9/utility /usr/include/c++/9/bits/stl_relops.h /usr/include/c++/9/bits/stl_tempbuf.h /usr/include/c++/9/bits/stl_raw_storage_iter.h /usr/include/c++/9/ext/concurrence.h /usr/include/c++/9/bits/uses_allocator.h /usr/include/c++/9/bits/unique_ptr.h /usr/include/c++/9/tuple /usr/include/c++/9/array /usr/include/c++/9/stdexcept /usr/include/c++/9/bits/invoke.h /usr/include/c++/9/bits/shared_ptr.h /usr/include/c++/9/bits/shared_ptr_base.h /usr/include/c++/9/bits/allocated_ptr.h /usr/include/c++/9/bits/refwrap.h /usr/include/c++/9/ext/aligned_buffer.h /usr/include/c++/9/bits/shared_ptr_atomic.h /usr/include/c++/9/bits/atomic_base.h /usr/include/c++/9/bits/atomic_lockfree_defines.h /usr/include/c++/9/backward/auto_ptr.h /usr/include/c++/9/pstl/glue_memory_defs.h /usr/include/c++/9/pstl/execution_defs.h /usr/include/unistd.h /usr/include/x86_64-linux-gnu/bits/posix_opt.h /usr/include/x86_64-linux-gnu/bits/environments.h /usr/include/x86_64-linux-gnu/bits/confname.h /usr/include/x86_64-linux-gnu/bits/getopt_posix.h /usr/include/x86_64-linux-gnu/bits/getopt_core.h /usr/include/x86_64-linux-gnu/bits/unistd_ext.h /usr/include/c++/9/stdlib.h /usr/include/string.h /usr/include/strings.h sockets/../utils/sockets_utils.hpp /usr/include/c++/9/iostream /usr/include/c++/9/ostream /usr/include/c++/9/ios /usr/include/c++/9/bits/ios_base.h /usr/include/c++/9/bits/locale_classes.h /usr/include/c++/9/bits/locale_classes.tcc /usr/include/c++/9/system_error /usr/include/x86_64-linux-gnu/c++/9/bits/error_constants.h /usr/include/c++/9/streambuf /usr/include/c++/9/bits/streambuf.tcc /usr/include/c++/9/bits/basic_ios.h /usr/include/c++/9/bits/locale_facets.h /usr/include/c++/9/cwctype /usr/include/wctype.h /usr/include/x86_64-linux-gnu/bits/wctype-wchar.h /usr/include/x86_64-linux-gnu/c++/9/bits/ctype_base.h /usr/include/c++/9/bits/streambuf_iterator.h /usr/include/x86_64-linux-gnu/c++/9/bits/ctype_inline.h /usr/include/c++/9/bits/locale_facets.tcc /usr/include/c++/9/bits/basic_ios.tcc /usr/include/c++/9/bits/ostream.tcc /usr/include/c++/9/istream /usr/include/c++/9/bits/istream.tcc utils/sockets_utils.hpp http/routes.hpp /usr/include/c++/9/vector /usr/include/c++/9/bits/stl_vector.h /usr/include/c++/9/bits/stl_bvector.h /usr/include/c++/9/bits/vector.tcc /usr/include/c++/9/functional /usr/include/c++/9/bits/std_function.h /usr/include/c++/9/unordered_map /usr/include/c++/9/bits/hashtable.h /usr/include/c++/9/bits/hashtable_policy.h /usr/include/c++/9/bits/node_handle.h /usr/include/c++/9/optional /usr/include/c++/9/bits/enable_special_members.h /usr/include/c++/9/bits/unordered_map.h /usr/include/c++/9/bits/erase_if.h /usr/include/c++/9/bits/stl_algo.h /usr/include/c++/9/bits/algorithmfwd.h /usr/include/c++/9/bits/stl_heap.h /usr/include/c++/9/bits/uniform_int_dist.h http/request.hpp http/parameters.hpp http/../files/basic_reader.hpp /usr/include/c++/9/fstream /usr/include/c++/9/bits/codecvt.h /usr/include/x86_64-linux-gnu/c++/9/bits/basic_file.h /usr/include/x86_64-linux-gnu/c++/9/bits/c++io.h /usr/include/c++/9/bits/fstream.tcc http/../files/cpp_reader.hpp /usr/include/c++/9/filesystem /usr/include/c++/9/bits/fs_fwd.h /usr/include/c++/9/chrono /usr/include/c++/9/ratio /usr/include/c++/9/ctime /usr/include/c++/9/bits/parse_numbers.h /usr/include/c++/9/bits/fs_path.h /usr/include/c++/9/locale /usr/include/c++/9/bits/locale_facets_nonio.h /usr/include/x86_64-linux-gnu/c++/9/bits/time_members.h /usr/include/x86_64-linux-gnu/c++/9/bits/messages_members.h /usr/include/libintl.h /usr/include/c++/9/bits/locale_facets_nonio.tcc /usr/include/c++/9/bits/locale_conv.h /usr/include/c++/9/iomanip /usr/include/c++/9/bits/quoted_string.h /usr/include/c++/9/sstream /usr/include/c++/9/bits/sstream.tcc /usr/include/c++/9/codecvt /usr/include/c++/9/bits/fs_dir.h /usr/include/c++/9/bits/fs_ops.h /usr/include/c++/9/random /usr/include/c++/9/cmath /usr/include/math.h /usr/include/x86_64-linux-gnu/bits/math-vector.h /usr/include/x86_64-linux-gnu/bits/libm-simd-decl-stubs.h /usr/include/x86_64-linux-gnu/bits/flt-eval-method.h /usr/include/x86_64-linux-gnu/bits/fp-logb.h /usr/include/x86_64-linux-gnu/bits/fp-fast.h /usr/include/x86_64-linux-gnu/bits/mathcalls-helper-functions.h /usr/include/x86_64-linux-gnu/bits/mathcalls.h /usr/include/x86_64-linux-gnu/bits/mathcalls-narrow.h /usr/include/x86_64-linux-gnu/bits/iscanonical.h /usr/include/c++/9/bits/specfun.h /usr/include/c++/9/tr1/gamma.tcc /usr/include/c++/9/tr1/special_function_util.h /usr/include/c++/9/tr1/bessel_function.tcc /usr/include/c++/9/tr1/beta_function.tcc /usr/include/c++/9/tr1/ell_integral.tcc /usr/include/c++/9/tr1/exp_integral.tcc /usr/include/c++/9/tr1/hypergeometric.tcc /usr/include/c++/9/tr1/legendre_function.tcc /usr/include/c++/9/tr1/modified_bessel_func.tcc /usr/include/c++/9/tr1/poly_hermite.tcc /usr/include/c++/9/tr1/poly_laguerre.tcc /usr/include/c++/9/tr1/riemann_zeta.tcc /usr/include/c++/9/bits/random.h /usr/include/x86_64-linux-gnu/c++/9/bits/opt_random.h /usr/include/c++/9/bits/random.tcc /usr/include/c++/9/numeric /usr/include/c++/9/bits/stl_numeric.h /usr/include/c++/9/pstl/glue_numeric_defs.h http/../files/local_utility.hpp http/../files/mg_reader.hpp http/../files/../utils/notify.hpp http/../files/data_render.hpp http/../json/json.hpp http/request.hpp utils/processing.hpp utils/../http/request.hpp /usr/include/c++/9/thread /usr/include/c++/9/mutex /usr/include/c++/9/bits/std_mutex.h /usr/include/c++/9/bits/unique_lock.h
#  Implicit rule search has not been done.
#  Modification time never checked.
#  File has not been updated.

# Not a target:
/usr/include/string.h:
#  Implicit rule search has not been done.
#  Modification time never checked.
#  File has not been updated.

# Not a target:
/usr/include/x86_64-linux-gnu/bits/wctype-wchar.h:
#  Implicit rule search has not been done.
#  Modification time never checked.
#  File has not been updated.

# Not a target:
/usr/include/x86_64-linux-gnu/c++/9/bits/error_constants.h:
#  Implicit rule search has not been done.
#  Modification time never checked.
#  File has not been updated.

# Not a target:
/usr/include/x86_64-linux-gnu/bits/types/clock_t.h:
#  Implicit rule search has not been done.
#  Modification time never checked.
#  File has not been updated.

# Not a target:
/usr/include/asm-generic/errno-base.h:
#  Implicit rule search has not been done.
#  Modification time never checked.
#  File has not been updated.

# Not a target:
/usr/include/c++/9/ext/aligned_buffer.h:
#  Implicit rule search has not been done.
#  Modification time never checked.
#  File has not been updated.

# Not a target:
/usr/include/x86_64-linux-gnu/bits/types/struct_timespec.h:
#  Implicit rule search has not been done.
#  Modification time never checked.
#  File has not been updated.

# Not a target:
/usr/include/c++/9/tr1/poly_hermite.tcc:
#  Implicit rule search has not been done.
#  Modification time never checked.
#  File has not been updated.

# Not a target:
/usr/include/c++/9/bits/stl_bvector.h:
#  Implicit rule search has not been done.
#  Modification time never checked.
#  File has not been updated.

# Not a target:
/usr/include/c++/9/cwchar:
#  Implicit rule search has not been done.
#  Modification time never checked.
#  File has not been updated.

# Not a target:
/usr/include/c++/9/bits/uniform_int_dist.h:
#  Implicit rule search has not been done.
#  Modification time never checked.
#  File has not been updated.

# Not a target:
/usr/include/stdlib.h:
#  Implicit rule search has not been done.
#  Modification time never checked.
#  File has not been updated.

# Not a target:
utils/processing.hpp:
#  Implicit rule search has not been done.
#  Modification time never checked.
#  File has not been updated.

# Not a target:
/usr/include/endian.h:
#  Implicit rule search has not been done.
#  Modification time never checked.
#  File has not been updated.

# Not a target:
/usr/include/x86_64-linux-gnu/bits/types/struct_sched_param.h:
#  Implicit rule search has not been done.
#  Modification time never checked.
#  File has not been updated.

# Not a target:
/usr/include/x86_64-linux-gnu/c++/9/bits/os_defines.h:
#  Implicit rule search has not been done.
#  Modification time never checked.
#  File has not been updated.

# Not a target:
/usr/include/x86_64-linux-gnu/c++/9/bits/atomic_word.h:
#  Implicit rule search has not been done.
#  Modification time never checked.
#  File has not been updated.

# Not a target:
/usr/include/c++/9/bits/locale_facets.tcc:
#  Implicit rule search has not been done.
#  Modification time never checked.
#  File has not been updated.

# Not a target:
/usr/include/c++/9/bits/basic_ios.h:
#  Implicit rule search has not been done.
#  Modification time never checked.
#  File has not been updated.

# Not a target:
/usr/include/c++/9/numeric:
#  Implicit rule search has not been done.
#  Modification time never checked.
#  File has not been updated.

# Not a target:
/usr/include/x86_64-linux-gnu/bits/sockaddr.h:
#  Implicit rule search has not been done.
#  Modification time never checked.
#  File has not been updated.

# Not a target:
/usr/include/x86_64-linux-gnu/c++/9/bits/c++locale.h:
#  Implicit rule search has not been done.
#  Modification time never checked.
#  File has not been updated.

# Not a target:
/usr/include/x86_64-linux-gnu/bits/stdint-intn.h:
#  Implicit rule search has not been done.
#  Modification time never checked.
#  File has not been updated.

# Not a target:
/usr/include/locale.h:
#  Implicit rule search has not been done.
#  Modification time never checked.
#  File has not been updated.

# Not a target:
/usr/include/c++/9/bits/atomic_base.h:
#  Implicit rule search has not been done.
#  Modification time never checked.
#  File has not been updated.

# Not a target:
/usr/include/x86_64-linux-gnu/bits/stdlib-float.h:
#  Implicit rule search has not been done.
#  Modification time never checked.
#  File has not been updated.

# Not a target:
/usr/include/c++/9/new:
#  Implicit rule search has not been done.
#  Modification time never checked.
#  File has not been updated.

# Not a target:
/usr/include/c++/9/bits/stl_algo.h:
#  Implicit rule search has not been done.
#  Modification time never checked.
#  File has not been updated.

 
# Not a target:
/usr/include/x86_64-linux-gnu/bits/iscanonical.h:
#  Implicit rule search has not been done.
#  Modification time never checked.
#  File has not been updated.

# Not a target:
sockets/sockets.hpp:
#  Implicit rule search has not been done.
#  Modification time never checked.
#  File has not been updated.

# Not a target:
/usr/include/c++/9/tr1/gamma.tcc:
#  Implicit rule search has not been done.
#  Modification time never checked.
#  File has not been updated.

# Not a target:
/usr/include/c++/9/cmath:
#  Implicit rule search has not been done.
#  Modification time never checked.
#  File has not been updated.

# Not a target:
/usr/include/x86_64-linux-gnu/bits/wordsize.h:
#  Implicit rule search has not been done.
#  Modification time never checked.
#  File has not been updated.

# Not a target:
/usr/include/c++/9/bits/shared_ptr.h:
#  Implicit rule search has not been done.
#  Modification time never checked.
#  File has not been updated.

# Not a target:
/usr/include/c++/9/tr1/riemann_zeta.tcc:
#  Implicit rule search has not been done.
#  Modification time never checked.
#  File has not been updated.

# Not a target:
/usr/include/c++/9/optional:
#  Implicit rule search has not been done.
#  Modification time never checked.
#  File has not been updated.

# Not a target:
/usr/include/c++/9/bits/range_access.h:
#  Implicit rule search has not been done.
#  Modification time never checked.
#  File has not been updated.

# Not a target:
.DEFAULT:
#  Implicit rule search has not been done.
#  Modification time never checked.
#  File has not been updated.

# Not a target:
/usr/include/c++/9/bits/fs_path.h:
#  Implicit rule search has not been done.
#  Modification time never checked.
#  File has not been updated.

# Not a target:
test-main.cpp:
#  Implicit rule search has not been done.
#  Modification time never checked.
#  File has not been updated.

# Not a target:
/usr/include/c++/9/bits/cpp_type_traits.h:
#  Implicit rule search has not been done.
#  Modification time never checked.
#  File has not been updated.

# Not a target:
/usr/include/x86_64-linux-gnu/bits/types/__sigset_t.h:
#  Implicit rule search has not been done.
#  Modification time never checked.
#  File has not been updated.

# Not a target:
/usr/include/c++/9/pstl/execution_defs.h:
#  Implicit rule search has not been done.
#  Modification time never checked.
#  File has not been updated.

# Not a target:
/usr/include/x86_64-linux-gnu/bits/stdio_lim.h:
#  Implicit rule search has not been done.
#  Modification time never checked.
#  File has not been updated.

# Not a target:
/usr/include/x86_64-linux-gnu/c++/9/bits/cpu_defines.h:
#  Implicit rule search has not been done.
#  Modification time never checked.
#  File has not been updated.

# Not a target:
/usr/include/c++/9/bits/exception_ptr.h:
#  Implicit rule search has not been done.
#  Modification time never checked.
#  File has not been updated.

# Not a target:
/usr/include/x86_64-linux-gnu/bits/types/mbstate_t.h:
#  Implicit rule search has not been done.
#  Modification time never checked.
#  File has not been updated.

# Not a target:
/usr/include/c++/9/random:
#  Implicit rule search has not been done.
#  Modification time never checked.
#  File has not been updated.

# Not a target:
/usr/include/asm-generic/socket.h:
#  Implicit rule search has not been done.
#  Modification time never checked.
#  File has not been updated.

# Not a target:
/usr/include/c++/9/bits/char_traits.h:
#  Implicit rule search has not been done.
#  Modification time never checked.
#  File has not been updated.

# Not a target:
/usr/include/c++/9/bits/locale_facets.h:
#  Implicit rule search has not been done.
#  Modification time never checked.
#  File has not been updated.

# Not a target:
/usr/include/c++/9/bits/std_abs.h:
#  Implicit rule search has not been done.
#  Modification time never checked.
#  File has not been updated.

# Not a target:
/usr/include/x86_64-linux-gnu/bits/math-vector.h:
#  Implicit rule search has not been done.
#  Modification time never checked.
#  File has not been updated.

# Not a target:
/usr/include/x86_64-linux-gnu/bits/types/clockid_t.h:
#  Implicit rule search has not been done.
#  Modification time never checked.
#  File has not been updated.

# Not a target:
/usr/include/c++/9/cstdlib:
#  Implicit rule search has not been done.
#  Modification time never checked.
#  File has not been updated.

# Not a target:
/usr/include/c++/9/iosfwd:
#  Implicit rule search has not been done.
#  Modification time never checked.
#  File has not been updated.

# Not a target:
/usr/include/c++/9/ext/atomicity.h:
#  Implicit rule search has not been done.
#  Modification time never checked.
#  File has not been updated.

# Not a target:
/usr/include/netinet/in.h:
#  Implicit rule search has not been done.
#  Modification time never checked.
#  File has not been updated.

# Not a target:
/usr/include/ctype.h:
#  Implicit rule search has not been done.
#  Modification time never checked.
#  File has not been updated.

# Not a target:
/usr/include/x86_64-linux-gnu/bits/floatn-common.h:
#  Implicit rule search has not been done.
#  Modification time never checked.
#  File has not been updated.

# Not a target:
/usr/include/c++/9/streambuf:
#  Implicit rule search has not been done.
#  Modification time never checked.
#  File has not been updated.

# Not a target:
/usr/include/c++/9/initializer_list:
#  Implicit rule search has not been done.
#  Modification time never checked.
#  File has not been updated.

# Not a target:
/usr/include/x86_64-linux-gnu/c++/9/bits/opt_random.h:
#  Implicit rule search has not been done.
#  Modification time never checked.
#  File has not been updated.

# Not a target:
/usr/include/c++/9/bits/uses_allocator.h:
#  Implicit rule search has not been done.
#  Modification time never checked.
#  File has not been updated.

# Not a target:
/usr/include/pthread.h:
#  Implicit rule search has not been done.
#  Modification time never checked.
#  File has not been updated.

# Not a target:
/usr/include/c++/9/bits/cxxabi_init_exception.h:
#  Implicit rule search has not been done.
#  Modification time never checked.
#  File has not been updated.

# Not a target:
/usr/include/x86_64-linux-gnu/bits/types/locale_t.h:
#  Implicit rule search has not been done.
#  Modification time never checked.
#  File has not been updated.

# Not a target:
/usr/include/c++/9/string_view:
#  Implicit rule search has not been done.
#  Modification time never checked.
#  File has not been updated.

# Not a target:
/usr/include/c++/9/bits/ostream_insert.h:
#  Implicit rule search has not been done.
#  Modification time never checked.
#  File has not been updated.

# Not a target:
/usr/include/x86_64-linux-gnu/bits/types/struct_FILE.h:
#  Implicit rule search has not been done.
#  Modification time never checked.
#  File has not been updated.

# Not a target:
/usr/include/c++/9/bits/memoryfwd.h:
#  Implicit rule search has not been done.
#  Modification time never checked.
#  File has not been updated.

# Not a target:
/usr/include/c++/9/stdexcept:
#  Implicit rule search has not been done.
#  Modification time never checked.
#  File has not been updated.

# Not a target:
/usr/include/c++/9/bits/random.tcc:
#  Implicit rule search has not been done.
#  Modification time never checked.
#  File has not been updated.

# Not a target:
/usr/include/x86_64-linux-gnu/bits/types/__locale_t.h:
#  Implicit rule search has not been done.
#  Modification time never checked.
#  File has not been updated.

# Not a target:
/usr/include/c++/9/ext/alloc_traits.h:
 
#  Implicit rule search has not been done.
#  Modification time never checked.
#  File has not been updated.

# Not a target:
/usr/include/c++/9/bits/stl_construct.h:
#  Implicit rule search has not been done.
#  Modification time never checked.
#  File has not been updated.

# Not a target:
/usr/include/x86_64-linux-gnu/bits/struct_rwlock.h:
#  Implicit rule search has not been done.
#  Modification time never checked.
#  File has not been updated.

# Not a target:
/usr/include/stdint.h:
#  Implicit rule search has not been done.
#  Modification time never checked.
#  File has not been updated.

# Not a target:
/usr/include/c++/9/tr1/modified_bessel_func.tcc:
#  Implicit rule search has not been done.
#  Modification time never checked.
#  File has not been updated.

# Not a target:
/usr/include/x86_64-linux-gnu/sys/select.h:
#  Implicit rule search has not been done.
#  Modification time never checked.
#  File has not been updated.

# Not a target:
/usr/include/c++/9/bits/codecvt.h:
#  Implicit rule search has not been done.
#  Modification time never checked.
#  File has not been updated.

# Not a target:
/usr/include/c++/9/bits/shared_ptr_base.h:
#  Implicit rule search has not been done.
#  Modification time never checked.
#  File has not been updated.

# Not a target:
/usr/include/x86_64-linux-gnu/bits/wchar.h:
#  Implicit rule search has not been done.
#  Modification time never checked.
#  File has not been updated.

# Not a target:
/usr/include/c++/9/bits/locale_conv.h:
#  Implicit rule search has not been done.
#  Modification time never checked.
#  File has not been updated.

# Not a target:
/usr/include/x86_64-linux-gnu/bits/time.h:
#  Implicit rule search has not been done.
#  Modification time never checked.
#  File has not been updated.

# Not a target:
/usr/include/x86_64-linux-gnu/bits/types.h:
#  Implicit rule search has not been done.
#  Modification time never checked.
#  File has not been updated.

# Not a target:
/usr/include/asm-generic/errno.h:
#  Implicit rule search has not been done.
#  Modification time never checked.
#  File has not been updated.

# Not a target:
/usr/include/c++/9/bits/predefined_ops.h:
#  Implicit rule search has not been done.
#  Modification time never checked.
#  File has not been updated.

# Not a target:
/usr/include/c++/9/tr1/hypergeometric.tcc:
#  Implicit rule search has not been done.
#  Modification time never checked.
#  File has not been updated.

# Not a target:
/usr/include/linux/stddef.h:
#  Implicit rule search has not been done.
#  Modification time never checked.
#  File has not been updated.

# Not a target:
/usr/include/x86_64-linux-gnu/bits/socket.h:
#  Implicit rule search has not been done.
#  Modification time never checked.
#  File has not been updated.

# Not a target:
/usr/include/c++/9/bits/streambuf.tcc:
#  Implicit rule search has not been done.
#  Modification time never checked.
#  File has not been updated.

# Not a target:
/usr/include/c++/9/cctype:
#  Implicit rule search has not been done.
#  Modification time never checked.
#  File has not been updated.

# Not a target:
/usr/include/x86_64-linux-gnu/bits/types/timer_t.h:
#  Implicit rule search has not been done.
#  Modification time never checked.
#  File has not been updated.

# Not a target:
/usr/include/c++/9/cerrno:
#  Implicit rule search has not been done.
#  Modification time never checked.
#  File has not been updated.

# Not a target:
/usr/include/c++/9/bits/quoted_string.h:
#  Implicit rule search has not been done.
#  Modification time never checked.
#  File has not been updated.

# Not a target:
/usr/include/c++/9/bits/stl_relops.h:
#  Implicit rule search has not been done.
#  Modification time never checked.
#  File has not been updated.

# Not a target:
/usr/include/c++/9/bits/std_mutex.h:
#  Implicit rule search has not been done.
#  Modification time never checked.
#  File has not been updated.

# Not a target:
/usr/include/c++/9/ctime:
#  Implicit rule search has not been done.
#  Modification time never checked.
#  File has not been updated.

# Not a target:
/usr/include/c++/9/bits/algorithmfwd.h:
#  Implicit rule search has not been done.
#  Modification time never checked.
#  File has not been updated.

# Not a target:
/usr/include/c++/9/bits/basic_string.tcc:
#  Implicit rule search has not been done.
#  Modification time never checked.
#  File has not been updated.

# Not a target:
/usr/include/c++/9/limits:
#  Implicit rule search has not been done.
#  Modification time never checked.
#  File has not been updated.

# Not a target:
/usr/include/x86_64-linux-gnu/bits/confname.h:
#  Implicit rule search has not been done.
#  Modification time never checked.
#  File has not been updated.

# Not a target:
core.hpp:
#  Implicit rule search has not been done.
#  Modification time never checked.
#  File has not been updated.

# Not a target:
/usr/include/c++/9/bits/allocator.h:
#  Implicit rule search has not been done.
#  Modification time never checked.
#  File has not been updated.

# Not a target:
/usr/include/x86_64-linux-gnu/bits/byteswap.h:
#  Implicit rule search has not been done.
#  Modification time never checked.
#  File has not been updated.

# Not a target:
/usr/include/x86_64-linux-gnu/bits/types/struct_osockaddr.h:
#  Implicit rule search has not been done.
#  Modification time never checked.
#  File has not been updated.

# Not a target:
/usr/include/x86_64-linux-gnu/bits/locale.h:
#  Implicit rule search has not been done.
#  Modification time never checked.
#  File has not been updated.

# Not a target:
/usr/include/c++/9/bits/postypes.h:
#  Implicit rule search has not been done.
#  Modification time never checked.
#  File has not been updated.

# Not a target:
/usr/include/c++/9/bits/node_handle.h:
#  Implicit rule search has not been done.
#  Modification time never checked.
#  File has not been updated.

# Not a target:
/usr/include/c++/9/ext/new_allocator.h:
#  Implicit rule search has not been done.
#  Modification time never checked.
#  File has not been updated.

# Not a target:
/usr/include/c++/9/bits/random.h:
#  Implicit rule search has not been done.
#  Modification time never checked.
#  File has not been updated.

# Not a target:
/usr/include/c++/9/ext/numeric_traits.h:
#  Implicit rule search has not been done.
#  Modification time never checked.
#  File has not been updated.

# Not a target:
/usr/include/x86_64-linux-gnu/bits/types/struct_timeval.h:
#  Implicit rule search has not been done.
#  Modification time never checked.
#  File has not been updated.

# Not a target:
/usr/include/math.h:
#  Implicit rule search has not been done.
#  Modification time never checked.
#  File has not been updated.

# Not a target:
/usr/include/c++/9/string:
#  Implicit rule search has not been done.
#  Modification time never checked.
#  File has not been updated.

# Not a target:
/usr/include/c++/9/bits/hash_bytes.h:
#  Implicit rule search has not been done.
#  Modification time never checked.
#  File has not been updated.

# Not a target:
/usr/include/x86_64-linux-gnu/sys/types.h:
#  Implicit rule search has not been done.
#  Modification time never checked.
#  File has not been updated.

# Not a target:
/usr/include/c++/9/bits/specfun.h:
#  Implicit rule search has not been done.
#  Modification time never checked.
#  File has not been updated.

# Not a target:
/usr/include/x86_64-linux-gnu/sys/cdefs.h:
#  Implicit rule search has not been done.
#  Modification time never checked.
#  File has not been updated.

# Not a target:
/usr/include/x86_64-linux-gnu/bits/waitstatus.h:
#  Implicit rule search has not been done.
#  Modification time never checked.
 
#  File has not been updated.

# Not a target:
/usr/include/c++/9/ios:
#  Implicit rule search has not been done.
#  Modification time never checked.
#  File has not been updated.

# Not a target:
/usr/include/c++/9/iostream:
#  Implicit rule search has not been done.
#  Modification time never checked.
#  File has not been updated.

# Not a target:
/usr/include/x86_64-linux-gnu/sys/socket.h:
#  Implicit rule search has not been done.
#  Modification time never checked.
#  File has not been updated.

# Not a target:
/usr/include/x86_64-linux-gnu/bits/getopt_posix.h:
#  Implicit rule search has not been done.
#  Modification time never checked.
#  File has not been updated.

# Not a target:
/usr/include/c++/9/tr1/beta_function.tcc:
#  Implicit rule search has not been done.
#  Modification time never checked.
#  File has not been updated.

# Not a target:
/usr/include/x86_64-linux-gnu/bits/timesize.h:
#  Implicit rule search has not been done.
#  Modification time never checked.
#  File has not been updated.

# Not a target:
/usr/include/x86_64-linux-gnu/bits/typesizes.h:
#  Implicit rule search has not been done.
#  Modification time never checked.
#  File has not been updated.

# Not a target:
/usr/include/x86_64-linux-gnu/gnu/stubs-64.h:
#  Implicit rule search has not been done.
#  Modification time never checked.
#  File has not been updated.

# Not a target:
/usr/include/c++/9/bits/alloc_traits.h:
#  Implicit rule search has not been done.
#  Modification time never checked.
#  File has not been updated.

# Not a target:
/usr/include/c++/9/bits/allocated_ptr.h:
#  Implicit rule search has not been done.
#  Modification time never checked.
#  File has not been updated.

# Not a target:
/usr/include/c++/9/bits/stl_iterator_base_funcs.h:
#  Implicit rule search has not been done.
#  Modification time never checked.
#  File has not been updated.

# Not a target:
/usr/include/c++/9/bits/sstream.tcc:
#  Implicit rule search has not been done.
#  Modification time never checked.
#  File has not been updated.

# Not a target:
/usr/include/c++/9/tr1/ell_integral.tcc:
#  Implicit rule search has not been done.
#  Modification time never checked.
#  File has not been updated.

# Not a target:
/usr/include/x86_64-linux-gnu/bits/socket_type.h:
#  Implicit rule search has not been done.
#  Modification time never checked.
#  File has not been updated.

# Not a target:
/usr/include/c++/9/vector:
#  Implicit rule search has not been done.
#  Modification time never checked.
#  File has not been updated.

# Not a target:
/usr/include/c++/9/bits/stl_heap.h:
#  Implicit rule search has not been done.
#  Modification time never checked.
#  File has not been updated.

# Not a target:
/usr/include/c++/9/ext/string_conversions.h:
#  Implicit rule search has not been done.
#  Modification time never checked.
#  File has not been updated.

# Not a target:
/usr/include/x86_64-linux-gnu/bits/types/struct_tm.h:
#  Implicit rule search has not been done.
#  Modification time never checked.
#  File has not been updated.

# Not a target:
/usr/include/c++/9/thread:
#  Implicit rule search has not been done.
#  Modification time never checked.
#  File has not been updated.

# Not a target:
/usr/include/x86_64-linux-gnu/bits/getopt_core.h:
#  Implicit rule search has not been done.
#  Modification time never checked.
#  File has not been updated.

# Not a target:
/usr/include/x86_64-linux-gnu/asm/socket.h:
#  Implicit rule search has not been done.
#  Modification time never checked.
#  File has not been updated.

# Not a target:
http/../files/../utils/notify.hpp:
#  Implicit rule search has not been done.
#  Modification time never checked.
#  File has not been updated.

# Not a target:
/usr/include/c++/9/bits/stl_tempbuf.h:
#  Implicit rule search has not been done.
#  Modification time never checked.
#  File has not been updated.

# Not a target:
/usr/include/c++/9/bits/basic_string.h:
#  Implicit rule search has not been done.
#  Modification time never checked.
#  File has not been updated.

# Not a target:
utils/../http/request.hpp:
#  Implicit rule search has not been done.
#  Modification time never checked.
#  File has not been updated.

# Not a target:
/usr/include/c++/9/clocale:
#  Implicit rule search has not been done.
#  Modification time never checked.
#  File has not been updated.

# Not a target:
/usr/include/x86_64-linux-gnu/c++/9/bits/time_members.h:
#  Implicit rule search has not been done.
#  Modification time never checked.
#  File has not been updated.

# Not a target:
/usr/include/c++/9/bits/unique_ptr.h:
#  Implicit rule search has not been done.
#  Modification time never checked.
#  File has not been updated.

# Not a target:
/usr/include/c++/9/locale:
#  Implicit rule search has not been done.
#  Modification time never checked.
#  File has not been updated.

# Not a target:
/usr/include/c++/9/bits/functional_hash.h:
#  Implicit rule search has not been done.
#  Modification time never checked.
#  File has not been updated.

# Not a target:
/usr/include/x86_64-linux-gnu/bits/time64.h:
#  Implicit rule search has not been done.
#  Modification time never checked.
#  File has not been updated.

# Not a target:
/usr/include/stdc-predef.h:
#  Implicit rule search has not been done.
#  Modification time never checked.
#  File has not been updated.

# Not a target:
/usr/include/x86_64-linux-gnu/bits/errno.h:
#  Implicit rule search has not been done.
#  Modification time never checked.
#  File has not been updated.

# Not a target:
/usr/include/c++/9/bits/istream.tcc:
#  Implicit rule search has not been done.
#  Modification time never checked.
#  File has not been updated.

# Not a target:
/usr/include/x86_64-linux-gnu/bits/uintn-identity.h:
#  Implicit rule search has not been done.
#  Modification time never checked.
#  File has not been updated.

# Not a target:
/usr/include/x86_64-linux-gnu/c++/9/bits/ctype_base.h:
#  Implicit rule search has not been done.
#  Modification time never checked.
#  File has not been updated.

# Not a target:
/usr/include/x86_64-linux-gnu/bits/fp-logb.h:
#  Implicit rule search has not been done.
#  Modification time never checked.
#  File has not been updated.

# Not a target:
/usr/include/c++/9/tr1/poly_laguerre.tcc:
#  Implicit rule search has not been done.
#  Modification time never checked.
#  File has not been updated.

# Not a target:
/usr/include/x86_64-linux-gnu/bits/stdint-uintn.h:
#  Implicit rule search has not been done.
#  Modification time never checked.
#  File has not been updated.

# Not a target:
/usr/include/asm-generic/bitsperlong.h:
#  Implicit rule search has not been done.
#  Modification time never checked.
#  File has not been updated.

# Not a target:
/usr/lib/gcc/x86_64-linux-gnu/9/include/stdint.h:
#  Implicit rule search has not been done.
#  Modification time never checked.
#  File has not been updated.

# Not a target:
/usr/include/c++/9/bits/hashtable.h:
#  Implicit rule search has not been done.
#  Modification time never checked.
#  File has not been updated.

# Not a target:
/usr/include/x86_64-linux-gnu/c++/9/bits/basic_file.h:
#  Implicit rule search has not been done.
#  Modification time never checked.
#  File has not been updated.

# Not a target:
/usr/include/sched.h:
#  Implicit rule search has not been done.
#  Modification time never checked.
#  File has not been updated.

# Not a target:
/usr/include/c++/9/cstdint:
#  Implicit rule search has not been done.
#  Modification time never checked.
#  File has not been updated.

# Not a target:
/usr/include/x86_64-linux-gnu/c++/9/bits/ctype_inline.h:
#  Implicit rule search has not been done.
#  Modification time never checked.
#  File has not been updated.

# Not a target:
http/../files/local_utility.hpp:
#  Implicit rule search has not been done.
#  Modification time never checked.
#  File has not been updated.

# Not a target:
http/request.hpp:
 
#  Implicit rule search has not been done.
#  Modification time never checked.
#  File has not been updated.

# Not a target:
/usr/include/c++/9/system_error:
#  Implicit rule search has not been done.
#  Modification time never checked.
#  File has not been updated.

# Not a target:
/usr/include/x86_64-linux-gnu/bits/mathcalls-helper-functions.h:
#  Implicit rule search has not been done.
#  Modification time never checked.
#  File has not been updated.

# Not a target:
/usr/include/x86_64-linux-gnu/bits/thread-shared-types.h:
#  Implicit rule search has not been done.
#  Modification time never checked.
#  File has not been updated.

# Not a target:
/usr/include/x86_64-linux-gnu/bits/types/FILE.h:
#  Implicit rule search has not been done.
#  Modification time never checked.
#  File has not been updated.

# Not a target:
/usr/include/c++/9/bits/stl_algobase.h:
#  Implicit rule search has not been done.
#  Modification time never checked.
#  File has not been updated.

# files hash-table stats:
# Load=332/1024=32%, Rehash=0, Collisions=164/671=24%
# VPATH Search Paths

# No 'vpath' search paths.

# No general ('VPATH' variable) search path.

# strcache buffers: 2 (1) / strings = 354 / storage = 12922 B / avg = 36 B
# current buf: size = 8162 B / used = 4767 B / count = 131 / avg = 36 B
# other used: total = 8155 B / count = 223 / avg = 36 B
# other free: total = 7 B / max = 7 B / min = 7 B / avg = 7 B

# strcache performance: lookups = 371 / hit rate = 4%
# hash-table stats:
# Load=354/8192=4%, Rehash=0, Collisions=13/371=4%
# Finished Make data base on Tue Aug 23 16:25:31 2022

 
